[17:00:44.712] [INFO] storybook v10.2.12
[17:00:45.042] [DEBUG] Getting package.json info for /Users/tetsuya/Documents/TETSUYA-2026/Centralized-Design-System/package.json...
[17:00:45.796] [DEBUG] Serving static files from [36mnode_modules/.pnpm/@chromatic-com+storybook@5.0.1_storybook@10.2.12_@testing-library+dom@10.4.1_prettier@3_3fba6ed1583fc0b1e2b552ec6a44719f/node_modules/@chromatic-com/storybook/assets[39m at [36m/addon-visual-tests-assets[39m
[17:00:45.797] [INFO] Starting...
[17:00:45.804] [WARN] unable to find package.json for radix-ui
[17:00:45.977] [DEBUG] Starting preview..
[17:00:46.233] [ERROR] Failed to build the preview
[17:00:46.240] [ERROR] [38;2;241;97;97mError: The React Router Vite plugin requires the use of a Vite config file[39m
    at BasicMinimalPluginContext.configResolved (./node_modules/.pnpm/@react-router+dev@7.12.0_@react-router+serve@7.12.0_react-router@7.12.0_react-dom@19.2._4b0bc2986cfe82d1fe6683b9011c02e4/node_modules/@react-router/dev/dist/vite.js:3386:17)
    at async Promise.all (index 3)
    at resolveConfig (file://./node_modules/.pnpm/vite@7.3.1_@types+node@22.19.11_jiti@2.6.1_lightningcss@1.31.1/node_modules/vite/dist/node/chunks/config.js:35675:2)
    at getOptimizeDeps (file://./node_modules/.pnpm/@storybook+builder-vite@10.2.12_esbuild@0.27.3_rollup@4.59.0_storybook@10.2.12_@testing_63e706543aad0401fa45f448e4f60c7c/node_modules/@storybook/builder-vite/dist/index.js:1862:65)
    at createViteServer (file://./node_modules/.pnpm/@storybook+builder-vite@10.2.12_esbuild@0.27.3_rollup@4.59.0_storybook@10.2.12_@testing_63e706543aad0401fa45f448e4f60c7c/node_modules/@storybook/builder-vite/dist/index.js:1888:19)
    at Module.start (file://./node_modules/.pnpm/@storybook+builder-vite@10.2.12_esbuild@0.27.3_rollup@4.59.0_storybook@10.2.12_@testing_63e706543aad0401fa45f448e4f60c7c/node_modules/@storybook/builder-vite/dist/index.js:1923:17)
    at storybookDevServer (file://./node_modules/.pnpm/storybook@10.2.12_@testing-library+dom@10.4.1_prettier@3.8.1_react-dom@19.2.4_react@19.2.4__react@19.2.4/node_modules/storybook/dist/core-server/index.js:7241:83)
    at buildOrThrow (file://./node_modules/.pnpm/storybook@10.2.12_@testing-library+dom@10.4.1_prettier@3.8.1_react-dom@19.2.4_react@19.2.4__react@19.2.4/node_modules/storybook/dist/core-server/index.js:4504:12)
    at buildDevStandalone (file://./node_modules/.pnpm/storybook@10.2.12_@testing-library+dom@10.4.1_prettier@3.8.1_react-dom@19.2.4_react@19.2.4__react@19.2.4/node_modules/storybook/dist/core-server/index.js:7611:66)
    at withTelemetry (file://./node_modules/.pnpm/storybook@10.2.12_@testing-library+dom@10.4.1_prettier@3.8.1_react-dom@19.2.4_react@19.2.4__react@19.2.4/node_modules/storybook/dist/_node-chunks/chunk-6JM2KRWM.js:218:12)
[17:00:46.242] [WARN] Broken build, fix the error above.
You may need to refresh the browser.